[2020-02-02 10:55:49] [INFO] Test Name: getLongestNonRepeatSubString
[2020-02-02 10:55:49] [INFO] [Debug] ba
[2020-02-02 10:55:49] [INFO] [Debug] baa
[2020-02-02 10:55:49] [INFO] [Debug] aa
[2020-02-02 10:55:49] [INFO] [Debug] aab
[2020-02-02 10:55:49] [INFO] [Debug] aabb
[2020-02-02 10:55:49] [INFO] [Debug] aabba
[2020-02-02 10:55:49] [INFO] [Debug] aabbab
[2020-02-02 10:55:49] [INFO] [Debug] aabbabb
[2020-02-02 10:55:49] [INFO] [Debug] bb
[2020-02-02 10:55:49] [INFO] Test Name: removeSmallestCharacter
[2020-02-02 10:55:49] [INFO] [Debug] 98
[2020-02-02 10:55:49] [INFO] [Debug] 97
[2020-02-02 10:55:49] [INFO] [Debug] 99
[2020-02-02 10:55:49] [INFO] [Debug] 98
[2020-02-02 10:55:49] [INFO] Test Name: getLargestAlphabet
[2020-02-02 10:55:49] [INFO] Test Name: getLargestAlphabet
[2020-02-02 10:55:49] [INFO] Test Name: getLargestAlphabet
[2020-02-02 10:55:49] [INFO] Test Name: questionMarkConverter
[2020-02-02 10:55:49] [INFO] [Debug] m
[2020-02-02 10:55:49] [INFO] [Debug] t
[2020-02-02 10:55:49] [INFO] [Debug] r
[2020-02-02 10:55:49] [INFO] [Debug] e
[2020-02-02 10:55:49] [INFO] [Debug] c
[2020-02-02 10:55:49] [INFO] [Debug] p
[2020-02-02 10:55:49] [INFO] [Debug] w
[2020-02-02 10:55:49] [INFO] [Debug] w
[2020-02-02 10:55:49] [INFO] [Debug] r
[2020-02-02 10:55:49] [INFO] [Debug] r
[2020-02-02 10:55:49] [INFO] [Debug] v
[2020-02-02 10:55:49] [INFO] [Debug] c
