[2020-02-02 11:10:29] [INFO] Test Name: getLongestNonRepeatSubString
[2020-02-02 11:10:29] [INFO] [Debug] ba
[2020-02-02 11:10:29] [INFO] [Debug] baa
[2020-02-02 11:10:29] [INFO] [Debug] aa
[2020-02-02 11:10:29] [INFO] [Debug] aab
[2020-02-02 11:10:29] [INFO] [Debug] aabb
[2020-02-02 11:10:29] [INFO] [Debug] aabba
[2020-02-02 11:10:29] [INFO] [Debug] aabbab
[2020-02-02 11:10:29] [INFO] [Debug] aabbabb
[2020-02-02 11:10:29] [INFO] [Debug] bb
[2020-02-02 11:10:29] [INFO] Test Name: removeSmallestCharacter
[2020-02-02 11:10:29] [INFO] [Debug] 98
[2020-02-02 11:10:29] [INFO] [Debug] 97
[2020-02-02 11:10:29] [INFO] [Debug] 99
[2020-02-02 11:10:29] [INFO] [Debug] 98
[2020-02-02 11:10:29] [INFO] Test Name: getLargestAlphabet
[2020-02-02 11:10:29] [INFO] Test Name: getLargestAlphabet
[2020-02-02 11:10:29] [INFO] Test Name: getLargestAlphabet
[2020-02-02 11:10:29] [INFO] Test Name: questionMarkConverter
[2020-02-02 11:10:29] [INFO] [Debug] t
[2020-02-02 11:10:29] [INFO] [Debug] o
[2020-02-02 11:10:29] [INFO] [Debug] h
[2020-02-02 11:10:29] [INFO] [Debug] f
[2020-02-02 11:10:29] [INFO] [Debug] q
[2020-02-02 11:10:29] [INFO] [Debug] y
[2020-02-02 11:10:29] [INFO] [Debug] w
[2020-02-02 11:10:29] [INFO] [Debug] c
[2020-02-02 11:10:29] [INFO] [Debug] u
[2020-02-02 11:10:29] [INFO] [Debug] u
[2020-02-02 11:10:29] [INFO] [Debug] h
